
2019-10-28 19:57:01 Apache Commons Daemon procrun stderr initialized.
28-Oct-2019 19:57:06.192 信息 [main] org.apache.catalina.startup.VersionLoggerListener.log Server.服务器版本:     Apache Tomcat/9.0.27
28-Oct-2019 19:57:06.212 信息 [main] org.apache.catalina.startup.VersionLoggerListener.log 服务器构建:            Oct 7 2019 09:57:22 UTC
28-Oct-2019 19:57:06.213 信息 [main] org.apache.catalina.startup.VersionLoggerListener.log Server version number: 9.0.27.0
28-Oct-2019 19:57:06.213 信息 [main] org.apache.catalina.startup.VersionLoggerListener.log OS Name:               Windows 10
28-Oct-2019 19:57:06.213 信息 [main] org.apache.catalina.startup.VersionLoggerListener.log OS.版本:               10.0
28-Oct-2019 19:57:06.213 信息 [main] org.apache.catalina.startup.VersionLoggerListener.log 架构:                  amd64
28-Oct-2019 19:57:06.213 信息 [main] org.apache.catalina.startup.VersionLoggerListener.log Java 环境变量:         E:\environment\java
28-Oct-2019 19:57:06.213 信息 [main] org.apache.catalina.startup.VersionLoggerListener.log JVM 版本:              11.0.5+10-LTS
28-Oct-2019 19:57:06.213 信息 [main] org.apache.catalina.startup.VersionLoggerListener.log JVM.供应商:            Oracle Corporation
28-Oct-2019 19:57:06.213 信息 [main] org.apache.catalina.startup.VersionLoggerListener.log CATALINA_BASE:         E:\environment\apache-tomcat-9.0.27
28-Oct-2019 19:57:06.213 信息 [main] org.apache.catalina.startup.VersionLoggerListener.log CATALINA_HOME:         E:\environment\apache-tomcat-9.0.27
28-Oct-2019 19:57:06.346 信息 [main] org.apache.catalina.startup.VersionLoggerListener.log Command line argument: -Dcatalina.home=E:\environment\apache-tomcat-9.0.27
28-Oct-2019 19:57:06.346 信息 [main] org.apache.catalina.startup.VersionLoggerListener.log Command line argument: -Dcatalina.base=E:\environment\apache-tomcat-9.0.27
28-Oct-2019 19:57:06.346 信息 [main] org.apache.catalina.startup.VersionLoggerListener.log Command line argument: -Dignore.endorsed.dirs=E:\environment\apache-tomcat-9.0.27\endorsed
28-Oct-2019 19:57:06.346 信息 [main] org.apache.catalina.startup.VersionLoggerListener.log Command line argument: -Djava.io.tmpdir=E:\environment\apache-tomcat-9.0.27\temp
28-Oct-2019 19:57:06.346 信息 [main] org.apache.catalina.startup.VersionLoggerListener.log Command line argument: -Djava.util.logging.manager=org.apache.juli.ClassLoaderLogManager
28-Oct-2019 19:57:06.346 信息 [main] org.apache.catalina.startup.VersionLoggerListener.log Command line argument: -Djava.util.logging.config.file=E:\environment\apache-tomcat-9.0.27\conf\logging.properties
28-Oct-2019 19:57:06.346 信息 [main] org.apache.catalina.startup.VersionLoggerListener.log Command line argument: --add-opens=java.base/java.lang=ALL-UNNAMED
28-Oct-2019 19:57:06.346 信息 [main] org.apache.catalina.startup.VersionLoggerListener.log Command line argument: --add-opens=java.base/java.io=ALL-UNNAMED
28-Oct-2019 19:57:06.346 信息 [main] org.apache.catalina.startup.VersionLoggerListener.log Command line argument: --add-opens=java.rmi/sun.rmi.transport=ALL-UNNAMED
28-Oct-2019 19:57:06.346 信息 [main] org.apache.catalina.startup.VersionLoggerListener.log Command line argument: exit
28-Oct-2019 19:57:06.346 信息 [main] org.apache.catalina.startup.VersionLoggerListener.log Command line argument: abort
28-Oct-2019 19:57:06.346 信息 [main] org.apache.catalina.startup.VersionLoggerListener.log Command line argument: -Xms128m
28-Oct-2019 19:57:06.346 信息 [main] org.apache.catalina.startup.VersionLoggerListener.log Command line argument: -Xmx256m
28-Oct-2019 19:57:06.346 信息 [main] org.apache.catalina.core.AprLifecycleListener.lifecycleEvent Loaded APR based Apache Tomcat Native library [1.2.23] using APR version [1.7.0].
28-Oct-2019 19:57:06.346 信息 [main] org.apache.catalina.core.AprLifecycleListener.lifecycleEvent APR capabilities: IPv6 [true], sendfile [true], accept filters [false], random [true].
28-Oct-2019 19:57:06.346 信息 [main] org.apache.catalina.core.AprLifecycleListener.lifecycleEvent APR/OpenSSL configuration: useAprConnector [false], useOpenSSL [true]
28-Oct-2019 19:57:06.464 信息 [main] org.apache.catalina.core.AprLifecycleListener.initializeSSL OpenSSL successfully initialized [OpenSSL 1.1.1c  28 May 2019]
28-Oct-2019 19:57:08.153 信息 [main] org.apache.coyote.AbstractProtocol.init 初始化协议处理器 ["http-nio-8080"]
28-Oct-2019 19:57:08.644 信息 [main] org.apache.coyote.AbstractProtocol.init 初始化协议处理器 ["ajp-nio-8009"]
28-Oct-2019 19:57:08.691 信息 [main] org.apache.catalina.startup.Catalina.load 服务器在[3,316]毫秒内初始化
28-Oct-2019 19:57:08.926 信息 [main] org.apache.catalina.core.StandardService.startInternal Starting service [Catalina]
28-Oct-2019 19:57:08.926 信息 [main] org.apache.catalina.core.StandardEngine.startInternal Starting Servlet engine: [Apache Tomcat/9.0.27]
28-Oct-2019 19:57:08.976 信息 [main] org.apache.catalina.startup.HostConfig.deployDirectory 把web 应用程序部署到目录 [E:\environment\apache-tomcat-9.0.27\webapps\docs]
28-Oct-2019 19:57:09.706 警告 [main] org.apache.catalina.util.SessionIdGeneratorBase.createSecureRandom Creation of SecureRandom instance for session ID generation using [SHA1PRNG] took [159] milliseconds.
28-Oct-2019 19:57:09.730 信息 [main] org.apache.catalina.startup.HostConfig.deployDirectory Deployment of web application directory [E:\environment\apache-tomcat-9.0.27\webapps\docs] has finished in [755] ms
28-Oct-2019 19:57:09.730 信息 [main] org.apache.catalina.startup.HostConfig.deployDirectory 把web 应用程序部署到目录 [E:\environment\apache-tomcat-9.0.27\webapps\examples]
28-Oct-2019 19:57:12.301 信息 [main] org.apache.catalina.startup.HostConfig.deployDirectory Deployment of web application directory [E:\environment\apache-tomcat-9.0.27\webapps\examples] has finished in [2,571] ms
28-Oct-2019 19:57:12.302 信息 [main] org.apache.catalina.startup.HostConfig.deployDirectory 把web 应用程序部署到目录 [E:\environment\apache-tomcat-9.0.27\webapps\host-manager]
28-Oct-2019 19:57:12.377 信息 [main] org.apache.catalina.startup.HostConfig.deployDirectory Deployment of web application directory [E:\environment\apache-tomcat-9.0.27\webapps\host-manager] has finished in [74] ms
28-Oct-2019 19:57:12.408 信息 [main] org.apache.catalina.startup.HostConfig.deployDirectory 把web 应用程序部署到目录 [E:\environment\apache-tomcat-9.0.27\webapps\manager]
28-Oct-2019 19:57:12.504 信息 [main] org.apache.catalina.startup.HostConfig.deployDirectory Deployment of web application directory [E:\environment\apache-tomcat-9.0.27\webapps\manager] has finished in [96] ms
28-Oct-2019 19:57:12.504 信息 [main] org.apache.catalina.startup.HostConfig.deployDirectory 把web 应用程序部署到目录 [E:\environment\apache-tomcat-9.0.27\webapps\ROOT]
28-Oct-2019 19:57:12.591 信息 [main] org.apache.catalina.startup.HostConfig.deployDirectory Deployment of web application directory [E:\environment\apache-tomcat-9.0.27\webapps\ROOT] has finished in [86] ms
28-Oct-2019 19:57:12.594 信息 [main] org.apache.coyote.AbstractProtocol.start 开始协议处理句柄["http-nio-8080"]
28-Oct-2019 19:57:12.604 信息 [main] org.apache.coyote.AbstractProtocol.start 开始协议处理句柄["ajp-nio-8009"]
28-Oct-2019 19:57:12.607 信息 [main] org.apache.catalina.startup.Catalina.start Server startup in [3,915] milliseconds
28-Oct-2019 20:53:05.117 警告 [main] org.apache.catalina.core.StandardServer.await Invalid shutdown command [] received
28-Oct-2019 20:54:31.650 警告 [main] org.apache.catalina.core.StandardServer.await Invalid shutdown command [] received
28-Oct-2019 20:56:13.253 警告 [main] org.apache.catalina.core.StandardServer.await Invalid shutdown command [] received
28-Oct-2019 21:01:57.243 警告 [main] org.apache.catalina.core.StandardServer.await Invalid shutdown command [] received
28-Oct-2019 21:09:21.615 警告 [main] org.apache.catalina.core.StandardServer.await Invalid shutdown command [] received
28-Oct-2019 21:11:00.141 警告 [main] org.apache.catalina.core.StandardServer.await Invalid shutdown command [] received
28-Oct-2019 21:12:57.686 警告 [main] org.apache.catalina.core.StandardServer.await Invalid shutdown command [] received
28-Oct-2019 21:14:45.866 警告 [main] org.apache.catalina.core.StandardServer.await Invalid shutdown command [] received
28-Oct-2019 21:16:33.170 警告 [main] org.apache.catalina.core.StandardServer.await Invalid shutdown command [] received
28-Oct-2019 21:24:16.438 警告 [main] org.apache.catalina.core.StandardServer.await Invalid shutdown command [] received
28-Oct-2019 21:31:55.749 警告 [main] org.apache.catalina.core.StandardServer.await Invalid shutdown command [] received
28-Oct-2019 21:33:16.267 警告 [main] org.apache.catalina.core.StandardServer.await Invalid shutdown command [] received
28-Oct-2019 21:37:09.782 警告 [main] org.apache.catalina.core.StandardServer.await Invalid shutdown command [] received
28-Oct-2019 21:38:43.286 警告 [main] org.apache.catalina.core.StandardServer.await Invalid shutdown command [] received
28-Oct-2019 21:40:00.668 警告 [main] org.apache.catalina.core.StandardServer.await Invalid shutdown command [] received
28-Oct-2019 22:00:07.796 警告 [main] org.apache.catalina.core.StandardServer.await Invalid shutdown command [] received
28-Oct-2019 22:03:34.951 警告 [main] org.apache.catalina.core.StandardServer.await Invalid shutdown command [] received
28-Oct-2019 22:59:24.215 警告 [main] org.apache.catalina.core.StandardServer.await Invalid shutdown command [] received
28-Oct-2019 23:02:24.594 警告 [main] org.apache.catalina.core.StandardServer.await Invalid shutdown command [] received
28-Oct-2019 23:18:07.051 警告 [main] org.apache.catalina.core.StandardServer.await Invalid shutdown command [] received
28-Oct-2019 23:19:30.054 警告 [main] org.apache.catalina.core.StandardServer.await Invalid shutdown command [] received
28-Oct-2019 23:20:26.260 警告 [main] org.apache.catalina.core.StandardServer.await Invalid shutdown command [] received
28-Oct-2019 23:22:44.407 警告 [main] org.apache.catalina.core.StandardServer.await Invalid shutdown command [] received
28-Oct-2019 23:25:22.713 警告 [main] org.apache.catalina.core.StandardServer.await Invalid shutdown command [] received
28-Oct-2019 23:30:09.578 警告 [main] org.apache.catalina.core.StandardServer.await Invalid shutdown command [] received
28-Oct-2019 23:34:03.026 警告 [main] org.apache.catalina.core.StandardServer.await Invalid shutdown command [] received
28-Oct-2019 23:35:11.570 警告 [main] org.apache.catalina.core.StandardServer.await Invalid shutdown command [] received
28-Oct-2019 23:52:11.185 警告 [main] org.apache.catalina.core.StandardServer.await Invalid shutdown command [] received
28-Oct-2019 23:53:16.928 警告 [main] org.apache.catalina.core.StandardServer.await Invalid shutdown command [] received
28-Oct-2019 23:58:07.435 警告 [main] org.apache.catalina.core.StandardServer.await Invalid shutdown command [] received
29-Oct-2019 00:00:25.988 警告 [main] org.apache.catalina.core.StandardServer.await Invalid shutdown command [] received
29-Oct-2019 20:03:29.677 警告 [main] org.apache.catalina.core.StandardServer.await Invalid shutdown command [] received
29-Oct-2019 20:07:42.571 警告 [main] org.apache.catalina.core.StandardServer.await Invalid shutdown command [] received
29-Oct-2019 20:11:41.077 警告 [main] org.apache.catalina.core.StandardServer.await Invalid shutdown command [] received
29-Oct-2019 20:15:09.898 警告 [main] org.apache.catalina.core.StandardServer.await Invalid shutdown command [] received
29-Oct-2019 20:16:02.688 警告 [main] org.apache.catalina.core.StandardServer.await Invalid shutdown command [] received
29-Oct-2019 20:16:47.091 警告 [main] org.apache.catalina.core.StandardServer.await Invalid shutdown command [] received
29-Oct-2019 20:17:32.610 警告 [main] org.apache.catalina.core.StandardServer.await Invalid shutdown command [] received
29-Oct-2019 20:18:36.615 警告 [main] org.apache.catalina.core.StandardServer.await Invalid shutdown command [] received
29-Oct-2019 20:20:52.247 警告 [main] org.apache.catalina.core.StandardServer.await Invalid shutdown command [] received
29-Oct-2019 20:22:09.488 警告 [main] org.apache.catalina.core.StandardServer.await Invalid shutdown command [] received
29-Oct-2019 20:26:20.246 警告 [main] org.apache.catalina.core.StandardServer.await Invalid shutdown command [] received
29-Oct-2019 20:29:12.733 警告 [main] org.apache.catalina.core.StandardServer.await Invalid shutdown command [] received
29-Oct-2019 20:30:31.492 警告 [main] org.apache.catalina.core.StandardServer.await Invalid shutdown command [] received
29-Oct-2019 20:36:17.255 警告 [main] org.apache.catalina.core.StandardServer.await Invalid shutdown command [] received
29-Oct-2019 20:36:53.461 警告 [main] org.apache.catalina.core.StandardServer.await Invalid shutdown command [] received
29-Oct-2019 20:38:27.765 警告 [main] org.apache.catalina.core.StandardServer.await Invalid shutdown command [] received
29-Oct-2019 20:39:28.776 警告 [main] org.apache.catalina.core.StandardServer.await Invalid shutdown command [] received
29-Oct-2019 20:42:13.377 警告 [main] org.apache.catalina.core.StandardServer.await Invalid shutdown command [] received
29-Oct-2019 21:10:15.722 警告 [main] org.apache.catalina.core.StandardServer.await Invalid shutdown command [] received
29-Oct-2019 21:10:54.673 警告 [main] org.apache.catalina.core.StandardServer.await Invalid shutdown command [] received
29-Oct-2019 21:15:14.458 警告 [main] org.apache.catalina.core.StandardServer.await Invalid shutdown command [] received
29-Oct-2019 21:17:21.443 警告 [main] org.apache.catalina.core.StandardServer.await Invalid shutdown command [] received
29-Oct-2019 21:37:32.913 警告 [main] org.apache.catalina.core.StandardServer.await Invalid shutdown command [] received
29-Oct-2019 21:43:41.222 警告 [main] org.apache.catalina.core.StandardServer.await Invalid shutdown command [] received
29-Oct-2019 21:44:29.131 警告 [main] org.apache.catalina.core.StandardServer.await Invalid shutdown command [] received
29-Oct-2019 21:57:02.196 警告 [main] org.apache.catalina.core.StandardServer.await Invalid shutdown command [] received
29-Oct-2019 21:57:56.749 警告 [main] org.apache.catalina.core.StandardServer.await Invalid shutdown command [] received
29-Oct-2019 21:58:37.346 警告 [main] org.apache.catalina.core.StandardServer.await Invalid shutdown command [] received
30-Oct-2019 17:28:58.591 警告 [main] org.apache.catalina.core.StandardServer.await Invalid shutdown command [] received
30-Oct-2019 17:36:56.269 警告 [main] org.apache.catalina.core.StandardServer.await Invalid shutdown command [] received
30-Oct-2019 17:37:44.878 警告 [main] org.apache.catalina.core.StandardServer.await Invalid shutdown command [] received
30-Oct-2019 17:41:38.595 警告 [main] org.apache.catalina.core.StandardServer.await Invalid shutdown command [] received
30-Oct-2019 17:43:10.753 警告 [main] org.apache.catalina.core.StandardServer.await Invalid shutdown command [] received
30-Oct-2019 17:45:18.916 警告 [main] org.apache.catalina.core.StandardServer.await Invalid shutdown command [] received
30-Oct-2019 17:47:24.231 警告 [main] org.apache.catalina.core.StandardServer.await Invalid shutdown command [] received
30-Oct-2019 17:56:39.914 警告 [main] org.apache.catalina.core.StandardServer.await Invalid shutdown command [] received
30-Oct-2019 18:15:20.615 警告 [main] org.apache.catalina.core.StandardServer.await Invalid shutdown command [] received
